<?xml version="1.0" encoding="UTF-8" ?>
<testsuite tests="62" failures="0" name="TestSuite" time="0.736" errors="0" skipped="0">
  <properties>
    <property name="idea.version" value="2018.2.5"/>
    <property name="java.runtime.name" value="Java(TM) SE Runtime Environment"/>
    <property name="sun.boot.library.path" value="C:\Program Files\Java\jdk1.8.0_161\jre\bin"/>
    <property name="java.vm.version" value="25.161-b12"/>
    <property name="java.vm.vendor" value="Oracle Corporation"/>
    <property name="maven.multiModuleProjectDirectory" value="C:\Users\Administrator\IdeaProjects\asa"/>
    <property name="java.vendor.url" value="http://java.oracle.com/"/>
    <property name="path.separator" value=";"/>
    <property name="guice.disable.misplaced.annotation.check" value="true"/>
    <property name="java.vm.name" value="Java HotSpot(TM) 64-Bit Server VM"/>
    <property name="file.encoding.pkg" value="sun.io"/>
    <property name="user.script" value=""/>
    <property name="user.country" value="CN"/>
    <property name="sun.java.launcher" value="SUN_STANDARD"/>
    <property name="sun.os.patch.level" value=""/>
    <property name="java.vm.specification.name" value="Java Virtual Machine Specification"/>
    <property name="user.dir" value="C:\Users\Administrator\IdeaProjects\asa"/>
    <property name="java.runtime.version" value="1.8.0_161-b12"/>
    <property name="java.awt.graphicsenv" value="sun.awt.Win32GraphicsEnvironment"/>
    <property name="basedir" value="C:\Users\Administrator\IdeaProjects\asa"/>
    <property name="java.endorsed.dirs" value="C:\Program Files\Java\jdk1.8.0_161\jre\lib\endorsed"/>
    <property name="os.arch" value="amd64"/>
    <property name="java.io.tmpdir" value="C:\Users\ADMINI~1\AppData\Local\Temp\"/>
    <property name="line.separator" value="
"/>
    <property name="java.vm.specification.vendor" value="Oracle Corporation"/>
    <property name="user.variant" value=""/>
    <property name="os.name" value="Windows 10"/>
    <property name="classworlds.conf" value="D:\IntelliJ IDEA Community Edition 2018.2.5\plugins\maven\lib\maven3\bin\m2.conf"/>
    <property name="sun.jnu.encoding" value="GBK"/>
    <property name="java.library.path" value="C:\Program Files\Java\jdk1.8.0_161\bin;C:\Windows\Sun\Java\bin;C:\Windows\system32;C:\Windows;E:\WINDOWS.X64_180000_db_home\bin;E:\app\Administrator\product\12.2.0\dbhome_1\bin;C:\Windows\system32;C:\Windows;C:\Windows\System32\Wbem;C:\Windows\System32\WindowsPowerShell\v1.0\;C:\Program Files (x86)\NVIDIA Corporation\PhysX\Common;C:\Program Files\Java\jdk1.8.0_161\bin;C:\Program Files\Java\jdk1.8.0_161\jre\bin;C:\Program Files\MySQL\MySQL Server 8.0\bin;C:\Program Files\Microsoft SQL Server\130\Tools\Binn\;C:\Program Files\Microsoft SQL Server\110\DTS\Binn\;C:\Program Files (x86)\Microsoft SQL Server\110\Tools\Binn\;C:\Program Files\Microsoft SQL Server\110\Tools\Binn\;C:\Program Files (x86)\Microsoft SQL Server\110\Tools\Binn\ManagementStudio\;C:\Program Files (x86)\Microsoft Visual Studio 10.0\Common7\IDE\PrivateAssemblies\;C:\Program Files (x86)\Microsoft SQL Server\110\DTS\Binn\;D:\ArcGIS\MapGIS 10\program;C:\strawberry\c\bin;C:\strawberry\perl\bin;E:\apache-maven-3.3.9\bin;C:\Users\Administrator\AppData\Local\Microsoft\WindowsApps;C:\Program Files\MySQL\MySQL Server 8.0\bin;;."/>
    <property name="surefire.test.class.path" value="C:\Users\Administrator\IdeaProjects\asa\target\test-classes;C:\Users\Administrator\IdeaProjects\asa\target\classes;C:\Users\Administrator\.m2\repository\org\testng\testng\6.8\testng-6.8.jar;C:\Users\Administrator\.m2\repository\junit\junit\4.10\junit-4.10.jar;C:\Users\Administrator\.m2\repository\org\hamcrest\hamcrest-core\1.1\hamcrest-core-1.1.jar;C:\Users\Administrator\.m2\repository\org\beanshell\bsh\2.0b4\bsh-2.0b4.jar;C:\Users\Administrator\.m2\repository\com\beust\jcommander\1.27\jcommander-1.27.jar;C:\Users\Administrator\.m2\repository\org\yaml\snakeyaml\1.6\snakeyaml-1.6.jar;"/>
    <property name="java.specification.name" value="Java Platform API Specification"/>
    <property name="java.class.version" value="52.0"/>
    <property name="sun.management.compiler" value="HotSpot 64-Bit Tiered Compilers"/>
    <property name="os.version" value="10.0"/>
    <property name="user.home" value="C:\Users\Administrator"/>
    <property name="user.timezone" value="Asia/Shanghai"/>
    <property name="java.awt.printerjob" value="sun.awt.windows.WPrinterJob"/>
    <property name="java.specification.version" value="1.8"/>
    <property name="file.encoding" value="UTF-8"/>
    <property name="user.name" value="Administrator"/>
    <property name="java.class.path" value="D:\IntelliJ IDEA Community Edition 2018.2.5\plugins\maven\lib\maven3\boot\plexus-classworlds-2.5.2.jar;D:\IntelliJ IDEA Community Edition 2018.2.5\lib\idea_rt.jar"/>
    <property name="java.vm.specification.version" value="1.8"/>
    <property name="sun.arch.data.model" value="64"/>
    <property name="java.home" value="C:\Program Files\Java\jdk1.8.0_161\jre"/>
    <property name="sun.java.command" value="org.codehaus.classworlds.Launcher -Didea.version=2018.2.5 test"/>
    <property name="java.specification.vendor" value="Oracle Corporation"/>
    <property name="user.language" value="zh"/>
    <property name="awt.toolkit" value="sun.awt.windows.WToolkit"/>
    <property name="java.vm.info" value="mixed mode"/>
    <property name="java.version" value="1.8.0_161"/>
    <property name="java.ext.dirs" value="C:\Program Files\Java\jdk1.8.0_161\jre\lib\ext;C:\Windows\Sun\Java\lib\ext"/>
    <property name="sun.boot.class.path" value="C:\Program Files\Java\jdk1.8.0_161\jre\lib\resources.jar;C:\Program Files\Java\jdk1.8.0_161\jre\lib\rt.jar;C:\Program Files\Java\jdk1.8.0_161\jre\lib\sunrsasign.jar;C:\Program Files\Java\jdk1.8.0_161\jre\lib\jsse.jar;C:\Program Files\Java\jdk1.8.0_161\jre\lib\jce.jar;C:\Program Files\Java\jdk1.8.0_161\jre\lib\charsets.jar;C:\Program Files\Java\jdk1.8.0_161\jre\lib\jfr.jar;C:\Program Files\Java\jdk1.8.0_161\jre\classes"/>
    <property name="java.vendor" value="Oracle Corporation"/>
    <property name="maven.home" value="D:\IntelliJ IDEA Community Edition 2018.2.5\plugins\maven\lib\maven3"/>
    <property name="localRepository" value="C:\Users\Administrator\.m2\repository"/>
    <property name="file.separator" value="\"/>
    <property name="java.vendor.url.bug" value="http://bugreport.sun.com/bugreport/"/>
    <property name="sun.cpu.endian" value="little"/>
    <property name="sun.io.unicode.encoding" value="UnicodeLittle"/>
    <property name="sun.desktop" value="windows"/>
    <property name="sun.cpu.isalist" value="amd64"/>
  </properties>
  <testcase name="f" time="0.015"/>
  <testcase name="f" time="0"/>
  <testcase name="f" time="0"/>
  <testcase name="f" time="0"/>
  <testcase name="f" time="0"/>
  <testcase name="f" time="0"/>
  <testcase name="f" time="0"/>
  <testcase name="f" time="0"/>
  <testcase name="f" time="0"/>
  <testcase name="f" time="0"/>
  <testcase name="f" time="0"/>
  <testcase name="f" time="0"/>
  <testcase name="f" time="0"/>
  <testcase name="f" time="0"/>
  <testcase name="f" time="0"/>
  <testcase name="f" time="0"/>
  <testcase name="f" time="0"/>
  <testcase name="f" time="0"/>
  <testcase name="f" time="0"/>
  <testcase name="f" time="0"/>
  <testcase name="f" time="0"/>
  <testcase name="f" time="0"/>
  <testcase name="f" time="0"/>
  <testcase name="f" time="0"/>
  <testcase name="f" time="0"/>
  <testcase name="f" time="0"/>
  <testcase name="f" time="0"/>
  <testcase name="f" time="0"/>
  <testcase name="f" time="0"/>
  <testcase name="f" time="0"/>
  <testcase name="f2" time="0"/>
  <testcase name="f2" time="0"/>
  <testcase name="f2" time="0"/>
  <testcase name="f2" time="0"/>
  <testcase name="f2" time="0"/>
  <testcase name="f2" time="0"/>
  <testcase name="f2" time="0"/>
  <testcase name="f2" time="0"/>
  <testcase name="f2" time="0"/>
  <testcase name="f2" time="0"/>
  <testcase name="f2" time="0.001"/>
  <testcase name="f2" time="0"/>
  <testcase name="f2" time="0"/>
  <testcase name="f2" time="0"/>
  <testcase name="f2" time="0"/>
  <testcase name="f3" time="0"/>
  <testcase name="f3" time="0"/>
  <testcase name="f3" time="0"/>
  <testcase name="f3" time="0"/>
  <testcase name="f3" time="0"/>
  <testcase name="f3" time="0"/>
  <testcase name="f3" time="0"/>
  <testcase name="f3" time="0"/>
  <testcase name="f3" time="0"/>
  <testcase name="f3" time="0"/>
  <testcase name="f3" time="0"/>
  <testcase name="f3" time="0"/>
  <testcase name="f3" time="0"/>
  <testcase name="f3" time="0"/>
  <testcase name="f3" time="0"/>
  <testcase name="f3" time="0.001"/>
  <testcase name="f3" time="0"/>
</testsuite>