<?xml version="1.0" encoding="UTF-8"?>
<!-- Generated by org.testng.reporters.JUnitReportReporter -->
<testsuite hostname="SC-201805181809" name="NewTest" tests="62" failures="0" timestamp="17 Apr 2019 02:58:08 GMT" time="0.025" errors="0">
  <testcase name="f" time="0.000" classname="NewTest"/>
  <testcase name="f2" time="0.000" classname="NewTest"/>
  <testcase name="f" time="0.000" classname="NewTest"/>
  <testcase name="f" time="0.000" classname="NewTest"/>
  <testcase name="f2" time="0.000" classname="NewTest"/>
  <testcase name="f2" time="0.000" classname="NewTest"/>
  <testcase name="f2" time="0.000" classname="NewTest"/>
  <testcase name="f" time="0.000" classname="NewTest"/>
  <testcase name="f2" time="0.001" classname="NewTest"/>
  <testcase name="f" time="0.000" classname="NewTest"/>
  <testcase name="f" time="0.000" classname="NewTest"/>
  <testcase name="f" time="0.000" classname="NewTest"/>
  <testcase name="f3" time="0.000" classname="NewTest"/>
  <testcase name="f2" time="0.001" classname="NewTest"/>
  <testcase name="f3" time="0.000" classname="NewTest"/>
  <testcase name="f3" time="0.000" classname="NewTest"/>
  <testcase name="f" time="0.000" classname="NewTest"/>
  <testcase name="f" time="0.001" classname="NewTest"/>
  <testcase name="f" time="0.000" classname="NewTest"/>
  <testcase name="f3" time="0.001" classname="NewTest"/>
  <testcase name="f" time="0.000" classname="NewTest"/>
  <testcase name="f2" time="0.000" classname="NewTest"/>
  <testcase name="f2" time="0.000" classname="NewTest"/>
  <testcase name="f" time="0.000" classname="NewTest"/>
  <testcase name="f3" time="0.000" classname="NewTest"/>
  <testcase name="f" time="0.000" classname="NewTest"/>
  <testcase name="f3" time="0.000" classname="NewTest"/>
  <testcase name="f" time="0.001" classname="NewTest"/>
  <testcase name="f3" time="0.000" classname="NewTest"/>
  <testcase name="f2" time="0.000" classname="NewTest"/>
  <testcase name="f" time="0.000" classname="NewTest"/>
  <testcase name="f" time="0.000" classname="NewTest"/>
  <testcase name="f" time="0.015" classname="NewTest"/>
  <testcase name="f2" time="0.000" classname="NewTest"/>
  <testcase name="f" time="0.000" classname="NewTest"/>
  <testcase name="f3" time="0.000" classname="NewTest"/>
  <testcase name="f3" time="0.001" classname="NewTest"/>
  <testcase name="f" time="0.000" classname="NewTest"/>
  <testcase name="f3" time="0.000" classname="NewTest"/>
  <testcase name="f" time="0.001" classname="NewTest"/>
  <testcase name="f2" time="0.000" classname="NewTest"/>
  <testcase name="f" time="0.000" classname="NewTest"/>
  <testcase name="f3" time="0.000" classname="NewTest"/>
  <testcase name="f" time="0.000" classname="NewTest"/>
  <testcase name="f" time="0.000" classname="NewTest"/>
  <testcase name="f2" time="0.000" classname="NewTest"/>
  <testcase name="f3" time="0.000" classname="NewTest"/>
  <testcase name="f3" time="0.000" classname="NewTest"/>
  <testcase name="f" time="0.001" classname="NewTest"/>
  <testcase name="f" time="0.001" classname="NewTest"/>
  <testcase name="f2" time="0.000" classname="NewTest"/>
  <testcase name="f3" time="0.000" classname="NewTest"/>
  <testcase name="f" time="0.000" classname="NewTest"/>
  <testcase name="f3" time="0.000" classname="NewTest"/>
  <testcase name="f2" time="0.000" classname="NewTest"/>
  <testcase name="f" time="0.000" classname="NewTest"/>
  <testcase name="f2" time="0.000" classname="NewTest"/>
  <testcase name="f3" time="0.000" classname="NewTest"/>
  <testcase name="f" time="0.001" classname="NewTest"/>
  <testcase name="f" time="0.000" classname="NewTest"/>
  <testcase name="f" time="0.000" classname="NewTest"/>
  <testcase name="f3" time="0.000" classname="NewTest"/>
</testsuite> <!-- NewTest -->
